1. web-server
https: generating myweb.jks
keytool -genkeypair -alias myweb -keypass myweb123 -keyalg RSA -validity 3650 -keystore myweb.jks -storepass myweb123

2. mysql db init
mysql -u root -p 123 < init.sql

3. maven build
mvn clean package
nohup java -jar ./target/AWebSite.jar > temp.txt &

4. java debug
java -Xdebug -Xrunjdwp:transport=dt_socket,address=5005,server=y,suspend=n -jar ./target/AWebSite.jar
jdb -connect com.sun.jdi.SocketAttach:hostname=localhost,port=5005


5. network debug
check which process use which port
sudo netstat -anop | grep tcp

6. mybatis src code generation
java -jar mybatis-generator-core-1.3.2.jar -configfile generatorConfig.xml

7. compile and decomplie jar files from/to java source codes
jar -cvf myfirstjar.jar out
jar cvfm test.jar manifest.mf test
java -jar jd-cli.jar -od out/spring/ spring-boot-maven-plugin-2.1.6.RELEASE.jar
